Determining if the pthread_create exist failed with the following output:
Change Dir: /home/skira/Desktop/DROID/CursoROS/build/CMakeFiles/CMakeTmp

Run Build Command:"/usr/bin/make" "cmTC_da8de/fast"
/usr/bin/make -f CMakeFiles/cmTC_da8de.dir/build.make CMakeFiles/cmTC_da8de.dir/build
make[1]: Entering directory '/home/skira/Desktop/DROID/CursoROS/build/CMakeFiles/CMakeTmp'
Building C object CMakeFiles/cmTC_da8de.dir/CheckSymbolExists.c.o
/usr/bin/cc     -o CMakeFiles/cmTC_da8de.dir/CheckSymbolExists.c.o   -c /home/skira/Desktop/DROID/CursoROS/build/CMakeFiles/CMakeTmp/CheckSymbolExists.c
Linking C executable cmTC_da8de
/usr/bin/cmake -E cmake_link_script CMakeFiles/cmTC_da8de.dir/link.txt --verbose=1
/usr/bin/cc       CMakeFiles/cmTC_da8de.dir/CheckSymbolExists.c.o  -o cmTC_da8de -rdynamic 
CMakeFiles/cmTC_da8de.dir/CheckSymbolExists.c.o: In function `main':
CheckSymbolExists.c:(.text+0x16): undefined reference to `pthread_create'
collect2: error: ld returned 1 exit status
CMakeFiles/cmTC_da8de.dir/build.make:97: recipe for target 'cmTC_da8de' failed
make[1]: *** [cmTC_da8de] Error 1
make[1]: Leaving directory '/home/skira/Desktop/DROID/CursoROS/build/CMakeFiles/CMakeTmp'
Makefile:126: recipe for target 'cmTC_da8de/fast' failed
make: *** [cmTC_da8de/fast] Error 2

File /home/skira/Desktop/DROID/CursoROS/build/CMakeFiles/CMakeTmp/CheckSymbolExists.c:
/* */
#include <pthread.h>

int main(int argc, char** argv)
{
  (void)argv;
#ifndef pthread_create
  return ((int*)(&pthread_create))[argc];
#else
  (void)argc;
  return 0;
#endif
}

Determining if the function pthread_create exists in the pthreads failed with the following output:
Change Dir: /home/skira/Desktop/DROID/CursoROS/build/CMakeFiles/CMakeTmp

Run Build Command:"/usr/bin/make" "cmTC_ade28/fast"
/usr/bin/make -f CMakeFiles/cmTC_ade28.dir/build.make CMakeFiles/cmTC_ade28.dir/build
make[1]: Entering directory '/home/skira/Desktop/DROID/CursoROS/build/CMakeFiles/CMakeTmp'
Building C object CMakeFiles/cmTC_ade28.dir/CheckFunctionExists.c.o
/usr/bin/cc    -DCHECK_FUNCTION_EXISTS=pthread_create   -o CMakeFiles/cmTC_ade28.dir/CheckFunctionExists.c.o   -c /usr/share/cmake-3.5/Modules/CheckFunctionExists.c
Linking C executable cmTC_ade28
/usr/bin/cmake -E cmake_link_script CMakeFiles/cmTC_ade28.dir/link.txt --verbose=1
/usr/bin/cc   -DCHECK_FUNCTION_EXISTS=pthread_create    CMakeFiles/cmTC_ade28.dir/CheckFunctionExists.c.o  -o cmTC_ade28 -rdynamic -lpthreads 
/usr/bin/ld: cannot find -lpthreads
collect2: error: ld returned 1 exit status
CMakeFiles/cmTC_ade28.dir/build.make:97: recipe for target 'cmTC_ade28' failed
make[1]: *** [cmTC_ade28] Error 1
make[1]: Leaving directory '/home/skira/Desktop/DROID/CursoROS/build/CMakeFiles/CMakeTmp'
Makefile:126: recipe for target 'cmTC_ade28/fast' failed
make: *** [cmTC_ade28/fast] Error 2


